<?xml version="1.0" encoding="UTF-8"?>
<!-- Generated by org.testng.reporters.JUnitReportReporter -->
<testsuite hostname="Nisha" failures="0" tests="2" name="TestPackage.TestClass" time="41.033" errors="0" timestamp="2021-11-01T01:23:24 IST" skipped="0">
  <testcase classname="TestPackage.TestClass" name="verifyHomePage" time="19.540"/>
  <system-out/>
  <testcase classname="TestPackage.TestClass" name="verifyHomePage" time="21.493"/>
  <system-out/>
</testsuite> <!-- TestPackage.TestClass -->
